<?xml version="1.0" encoding="UTF-8"?>
<!-- Generated by org.testng.reporters.JUnitReportReporter -->
<testsuite hostname="ksu-pc" name="com.example.tests.TourVerificationTest" tests="1" failures="0" timestamp="11 Jun 2015 02:42:15 GMT" time="83.805" errors="0">
  <testcase name="testTourVerification" time="83.805" classname="com.example.tests.TourVerificationTest"/>
</testsuite> <!-- com.example.tests.TourVerificationTest -->
